<?xml version="1.0" encoding="UTF-8"?>
<coverage generated="1783479791">
  <project timestamp="1783479791" name="Clover Coverage">
    <package name="Sunaoka\EmailNormalizer">
      <file name="/Users/sunaoka/devel/email-normalizer-php/src/CachedItem.php">
        <class name="Sunaoka\EmailNormalizer\CachedItem" namespace="Sunaoka\EmailNormalizer">
          <metrics complexity="2" methods="2" coveredmethods="2" conditionals="0" coveredconditionals="0" statements="2" coveredstatements="2" elements="4" coveredelements="4"/>
        </class>
        <line num="22" type="method" name="__construct" visibility="public" complexity="1" crap="1" count="6"/>
        <line num="26" type="stmt" count="6"/>
        <line num="32" type="method" name="expired" visibility="public" complexity="1" crap="1" count="2"/>
        <line num="34" type="stmt" count="2"/>
        <metrics loc="37" ncloc="25" classes="1" methods="2" coveredmethods="2" conditionals="0" coveredconditionals="0" statements="2" coveredstatements="2" elements="4" coveredelements="4"/>
      </file>
      <file name="/Users/sunaoka/devel/email-normalizer-php/src/MailboxProvider.php">
        <class name="Sunaoka\EmailNormalizer\MailboxProvider" namespace="Sunaoka\EmailNormalizer">
          <metrics complexity="0" methods="0" coveredmethods="0" conditionals="0" coveredconditionals="0" statements="0" coveredstatements="0" elements="0" coveredelements="0"/>
        </class>
        <metrics loc="37" ncloc="17" classes="0" methods="0" coveredmethods="0" conditionals="0" coveredconditionals="0" statements="0" coveredstatements="0" elements="0" coveredelements="0"/>
      </file>
      <file name="/Users/sunaoka/devel/email-normalizer-php/src/Normalizer.php">
        <class name="Sunaoka\EmailNormalizer\Normalizer" namespace="Sunaoka\EmailNormalizer">
          <metrics complexity="47" methods="17" coveredmethods="14" conditionals="0" coveredconditionals="0" statements="107" coveredstatements="103" elements="124" coveredelements="117"/>
        </class>
        <line num="31" type="method" name="__construct" visibility="public" complexity="1" crap="1" count="54"/>
        <line num="36" type="stmt" count="54"/>
        <line num="43" type="method" name="cache" visibility="public" complexity="1" crap="1" count="5"/>
        <line num="45" type="stmt" count="5"/>
        <line num="51" type="method" name="clearCache" visibility="public" complexity="1" crap="1" count="54"/>
        <line num="53" type="stmt" count="54"/>
        <line num="63" type="method" name="setCacheForTest" visibility="public" complexity="1" crap="1" count="1"/>
        <line num="65" type="stmt" count="1"/>
        <line num="75" type="method" name="normalize" visibility="public" complexity="8" crap="8" count="48"/>
        <line num="77" type="stmt" count="48"/>
        <line num="78" type="stmt" count="48"/>
        <line num="80" type="stmt" count="48"/>
        <line num="81" type="stmt" count="29"/>
        <line num="82" type="stmt" count="29"/>
        <line num="84" type="stmt" count="19"/>
        <line num="85" type="stmt" count="19"/>
        <line num="88" type="stmt" count="48"/>
        <line num="89" type="stmt" count="45"/>
        <line num="90" type="stmt" count="8"/>
        <line num="93" type="stmt" count="45"/>
        <line num="94" type="stmt" count="8"/>
        <line num="97" type="stmt" count="45"/>
        <line num="98" type="stmt" count="39"/>
        <line num="102" type="stmt" count="48"/>
        <line num="103" type="stmt" count="48"/>
        <line num="104" type="stmt" count="48"/>
        <line num="105" type="stmt" count="48"/>
        <line num="106" type="stmt" count="48"/>
        <line num="107" type="stmt" count="48"/>
        <line num="118" type="method" name="mxRecords" visibility="public" complexity="6" crap="6" count="7"/>
        <line num="120" type="stmt" count="7"/>
        <line num="121" type="stmt" count="0"/>
        <line num="124" type="stmt" count="7"/>
        <line num="125" type="stmt" count="7"/>
        <line num="127" type="stmt" count="7"/>
        <line num="128" type="stmt" count="3"/>
        <line num="129" type="stmt" count="1"/>
        <line num="132" type="stmt" count="2"/>
        <line num="133" type="stmt" count="2"/>
        <line num="135" type="stmt" count="4"/>
        <line num="136" type="stmt" count="4"/>
        <line num="137" type="stmt" count="4"/>
        <line num="140" type="stmt" count="6"/>
        <line num="141" type="stmt" count="1"/>
        <line num="144" type="stmt" count="6"/>
        <line num="147" type="stmt" count="6"/>
        <line num="148" type="stmt" count="6"/>
        <line num="150" type="stmt" count="6"/>
        <line num="151" type="stmt" count="6"/>
        <line num="152" type="stmt" count="6"/>
        <line num="153" type="stmt" count="6"/>
        <line num="164" type="method" name="resolveMxRecordsForTest" visibility="protected" complexity="7" crap="7.12" count="2"/>
        <line num="166" type="stmt" count="2"/>
        <line num="168" type="stmt" count="2"/>
        <line num="169" type="stmt" count="1"/>
        <line num="172" type="stmt" count="1"/>
        <line num="173" type="stmt" count="1"/>
        <line num="174" type="stmt" count="1"/>
        <line num="175" type="stmt" count="0"/>
        <line num="178" type="stmt" count="1"/>
        <line num="179" type="stmt" count="0"/>
        <line num="182" type="stmt" count="1"/>
        <line num="183" type="stmt" count="1"/>
        <line num="184" type="stmt" count="1"/>
        <line num="185" type="stmt" count="1"/>
        <line num="188" type="stmt" count="1"/>
        <line num="190" type="stmt" count="1"/>
        <line num="196" type="method" name="sortMxRecords" visibility="private" complexity="1" crap="1" count="4"/>
        <line num="198" type="stmt" count="4"/>
        <line num="199" type="stmt" count="4"/>
        <line num="200" type="stmt" count="4"/>
        <line num="201" type="stmt" count="4"/>
        <line num="204" type="method" name="parseAddress" visibility="private" complexity="2" crap="2.15" count="48"/>
        <line num="206" type="stmt" count="48"/>
        <line num="207" type="stmt" count="0"/>
        <line num="210" type="stmt" count="48"/>
        <line num="221" type="method" name="localPartAsHostname" visibility="private" complexity="3" crap="3" count="8"/>
        <line num="223" type="stmt" count="8"/>
        <line num="224" type="stmt" count="8"/>
        <line num="226" type="stmt" count="8"/>
        <line num="227" type="stmt" count="4"/>
        <line num="230" type="stmt" count="4"/>
        <line num="231" type="stmt" count="4"/>
        <line num="232" type="stmt" count="4"/>
        <line num="233" type="stmt" count="4"/>
        <line num="235" type="stmt" count="4"/>
        <line num="236" type="stmt" count="4"/>
        <line num="237" type="stmt" count="4"/>
        <line num="238" type="stmt" count="4"/>
        <line num="241" type="method" name="publicSuffixRules" visibility="private" complexity="2" crap="2" count="8"/>
        <line num="243" type="stmt" count="8"/>
        <line num="244" type="stmt" count="1"/>
        <line num="261" type="stmt" count="1"/>
        <line num="264" type="stmt" count="8"/>
        <line num="275" type="method" name="shouldStripPeriods" visibility="private" complexity="2" crap="2" count="9"/>
        <line num="277" type="stmt" count="9"/>
        <line num="285" type="method" name="lookupProviderByDomain" visibility="private" complexity="1" crap="1" count="29"/>
        <line num="287" type="stmt" count="29"/>
        <line num="297" type="method" name="lookupProvider" visibility="private" complexity="5" crap="5" count="19"/>
        <line num="299" type="stmt" count="19"/>
        <line num="300" type="stmt" count="17"/>
        <line num="302" type="stmt" count="17"/>
        <line num="303" type="stmt" count="17"/>
        <line num="304" type="stmt" count="17"/>
        <line num="305" type="stmt" count="17"/>
        <line num="311" type="stmt" count="2"/>
        <line num="314" type="method" name="skipCache" visibility="private" complexity="3" crap="3" count="7"/>
        <line num="316" type="stmt" count="7"/>
        <line num="317" type="stmt" count="7"/>
        <line num="320" type="stmt" count="2"/>
        <line num="321" type="stmt" count="1"/>
        <line num="323" type="stmt" count="1"/>
        <line num="326" type="stmt" count="1"/>
        <line num="329" type="method" name="pruneCache" visibility="private" complexity="2" crap="2" count="1"/>
        <line num="331" type="stmt" count="1"/>
        <line num="332" type="stmt" count="1"/>
        <line num="333" type="stmt" count="1"/>
        <line num="334" type="stmt" count="1"/>
        <line num="336" type="stmt" count="1"/>
        <line num="337" type="stmt" count="1"/>
        <line num="338" type="stmt" count="1"/>
        <line num="345" type="method" name="providerName" visibility="private" complexity="1" crap="1" count="45"/>
        <line num="347" type="stmt" count="45"/>
        <line num="349" type="stmt" count="45"/>
        <metrics loc="352" ncloc="263" classes="1" methods="17" coveredmethods="14" conditionals="0" coveredconditionals="0" statements="107" coveredstatements="103" elements="124" coveredelements="117"/>
      </file>
      <file name="/Users/sunaoka/devel/email-normalizer-php/src/Providers.php">
        <class name="Sunaoka\EmailNormalizer\Providers" namespace="Sunaoka\EmailNormalizer">
          <metrics complexity="0" methods="0" coveredmethods="0" conditionals="0" coveredconditionals="0" statements="0" coveredstatements="0" elements="0" coveredelements="0"/>
        </class>
        <metrics loc="66" ncloc="58" classes="0" methods="0" coveredmethods="0" conditionals="0" coveredconditionals="0" statements="0" coveredstatements="0" elements="0" coveredelements="0"/>
      </file>
      <file name="/Users/sunaoka/devel/email-normalizer-php/src/Result.php">
        <class name="Sunaoka\EmailNormalizer\Result" namespace="Sunaoka\EmailNormalizer">
          <metrics complexity="1" methods="1" coveredmethods="1" conditionals="0" coveredconditionals="0" statements="1" coveredstatements="1" elements="2" coveredelements="2"/>
        </class>
        <line num="20" type="method" name="__construct" visibility="public" complexity="1" crap="1" count="48"/>
        <line num="25" type="stmt" count="48"/>
        <metrics loc="27" ncloc="16" classes="1" methods="1" coveredmethods="1" conditionals="0" coveredconditionals="0" statements="1" coveredstatements="1" elements="2" coveredelements="2"/>
      </file>
      <file name="/Users/sunaoka/devel/email-normalizer-php/src/Rules.php">
        <class name="Sunaoka\EmailNormalizer\Rules" namespace="Sunaoka\EmailNormalizer">
          <metrics complexity="0" methods="0" coveredmethods="0" conditionals="0" coveredconditionals="0" statements="0" coveredstatements="0" elements="0" coveredelements="0"/>
        </class>
        <metrics loc="23" ncloc="17" classes="0" methods="0" coveredmethods="0" conditionals="0" coveredconditionals="0" statements="0" coveredstatements="0" elements="0" coveredelements="0"/>
      </file>
    </package>
    <package name="Sunaoka\EmailNormalizer\Provider">
      <file name="/Users/sunaoka/devel/email-normalizer-php/src/Provider/Apple.php">
        <class name="Sunaoka\EmailNormalizer\Provider\Apple" namespace="Sunaoka\EmailNormalizer\Provider">
          <metrics complexity="1" methods="1" coveredmethods="1" conditionals="0" coveredconditionals="0" statements="1" coveredstatements="1" elements="2" coveredelements="2"/>
        </class>
        <line num="18" type="method" name="flags" visibility="public" complexity="1" crap="1" count="4"/>
        <line num="21" type="stmt" count="4"/>
        <metrics loc="24" ncloc="21" classes="1" methods="1" coveredmethods="1" conditionals="0" coveredconditionals="0" statements="1" coveredstatements="1" elements="2" coveredelements="2"/>
      </file>
      <file name="/Users/sunaoka/devel/email-normalizer-php/src/Provider/Fastmail.php">
        <class name="Sunaoka\EmailNormalizer\Provider\Fastmail" namespace="Sunaoka\EmailNormalizer\Provider">
          <metrics complexity="1" methods="1" coveredmethods="1" conditionals="0" coveredconditionals="0" statements="1" coveredstatements="1" elements="2" coveredelements="2"/>
        </class>
        <line num="18" type="method" name="flags" visibility="public" complexity="1" crap="1" count="8"/>
        <line num="21" type="stmt" count="8"/>
        <metrics loc="24" ncloc="21" classes="1" methods="1" coveredmethods="1" conditionals="0" coveredconditionals="0" statements="1" coveredstatements="1" elements="2" coveredelements="2"/>
      </file>
      <file name="/Users/sunaoka/devel/email-normalizer-php/src/Provider/Google.php">
        <class name="Sunaoka\EmailNormalizer\Provider\Google" namespace="Sunaoka\EmailNormalizer\Provider">
          <metrics complexity="1" methods="1" coveredmethods="1" conditionals="0" coveredconditionals="0" statements="1" coveredstatements="1" elements="2" coveredelements="2"/>
        </class>
        <line num="21" type="method" name="flags" visibility="public" complexity="1" crap="1" count="9"/>
        <line num="24" type="stmt" count="9"/>
        <metrics loc="27" ncloc="22" classes="1" methods="1" coveredmethods="1" conditionals="0" coveredconditionals="0" statements="1" coveredstatements="1" elements="2" coveredelements="2"/>
      </file>
      <file name="/Users/sunaoka/devel/email-normalizer-php/src/Provider/Microsoft.php">
        <class name="Sunaoka\EmailNormalizer\Provider\Microsoft" namespace="Sunaoka\EmailNormalizer\Provider">
          <metrics complexity="1" methods="1" coveredmethods="1" conditionals="0" coveredconditionals="0" statements="1" coveredstatements="1" elements="2" coveredelements="2"/>
        </class>
        <line num="18" type="method" name="flags" visibility="public" complexity="1" crap="1" count="6"/>
        <line num="21" type="stmt" count="6"/>
        <metrics loc="24" ncloc="21" classes="1" methods="1" coveredmethods="1" conditionals="0" coveredconditionals="0" statements="1" coveredstatements="1" elements="2" coveredelements="2"/>
      </file>
      <file name="/Users/sunaoka/devel/email-normalizer-php/src/Provider/ProtonMail.php">
        <class name="Sunaoka\EmailNormalizer\Provider\ProtonMail" namespace="Sunaoka\EmailNormalizer\Provider">
          <metrics complexity="1" methods="1" coveredmethods="1" conditionals="0" coveredconditionals="0" statements="1" coveredstatements="1" elements="2" coveredelements="2"/>
        </class>
        <line num="18" type="method" name="flags" visibility="public" complexity="1" crap="1" count="4"/>
        <line num="21" type="stmt" count="4"/>
        <metrics loc="24" ncloc="21" classes="1" methods="1" coveredmethods="1" conditionals="0" coveredconditionals="0" statements="1" coveredstatements="1" elements="2" coveredelements="2"/>
      </file>
      <file name="/Users/sunaoka/devel/email-normalizer-php/src/Provider/Rackspace.php">
        <class name="Sunaoka\EmailNormalizer\Provider\Rackspace" namespace="Sunaoka\EmailNormalizer\Provider">
          <metrics complexity="1" methods="1" coveredmethods="1" conditionals="0" coveredconditionals="0" statements="1" coveredstatements="1" elements="2" coveredelements="2"/>
        </class>
        <line num="18" type="method" name="flags" visibility="public" complexity="1" crap="1" count="1"/>
        <line num="21" type="stmt" count="1"/>
        <metrics loc="24" ncloc="21" classes="1" methods="1" coveredmethods="1" conditionals="0" coveredconditionals="0" statements="1" coveredstatements="1" elements="2" coveredelements="2"/>
      </file>
      <file name="/Users/sunaoka/devel/email-normalizer-php/src/Provider/Yahoo.php">
        <class name="Sunaoka\EmailNormalizer\Provider\Yahoo" namespace="Sunaoka\EmailNormalizer\Provider">
          <metrics complexity="1" methods="1" coveredmethods="1" conditionals="0" coveredconditionals="0" statements="1" coveredstatements="1" elements="2" coveredelements="2"/>
        </class>
        <line num="21" type="method" name="flags" visibility="public" complexity="1" crap="1" count="6"/>
        <line num="24" type="stmt" count="6"/>
        <metrics loc="27" ncloc="21" classes="1" methods="1" coveredmethods="1" conditionals="0" coveredconditionals="0" statements="1" coveredstatements="1" elements="2" coveredelements="2"/>
      </file>
      <file name="/Users/sunaoka/devel/email-normalizer-php/src/Provider/Yandex.php">
        <class name="Sunaoka\EmailNormalizer\Provider\Yandex" namespace="Sunaoka\EmailNormalizer\Provider">
          <metrics complexity="1" methods="1" coveredmethods="1" conditionals="0" coveredconditionals="0" statements="1" coveredstatements="1" elements="2" coveredelements="2"/>
        </class>
        <line num="18" type="method" name="flags" visibility="public" complexity="1" crap="1" count="4"/>
        <line num="21" type="stmt" count="4"/>
        <metrics loc="24" ncloc="21" classes="1" methods="1" coveredmethods="1" conditionals="0" coveredconditionals="0" statements="1" coveredstatements="1" elements="2" coveredelements="2"/>
      </file>
      <file name="/Users/sunaoka/devel/email-normalizer-php/src/Provider/Zoho.php">
        <class name="Sunaoka\EmailNormalizer\Provider\Zoho" namespace="Sunaoka\EmailNormalizer\Provider">
          <metrics complexity="1" methods="1" coveredmethods="1" conditionals="0" coveredconditionals="0" statements="1" coveredstatements="1" elements="2" coveredelements="2"/>
        </class>
        <line num="18" type="method" name="flags" visibility="public" complexity="1" crap="1" count="3"/>
        <line num="21" type="stmt" count="3"/>
        <metrics loc="24" ncloc="21" classes="1" methods="1" coveredmethods="1" conditionals="0" coveredconditionals="0" statements="1" coveredstatements="1" elements="2" coveredelements="2"/>
      </file>
    </package>
    <file name="/Users/sunaoka/devel/email-normalizer-php/src/functions.php">
      <line num="17" type="stmt" count="28"/>
      <metrics loc="19" ncloc="11" classes="0" methods="0" coveredmethods="0" conditionals="0" coveredconditionals="0" statements="1" coveredstatements="1" elements="1" coveredelements="1"/>
    </file>
    <metrics files="16" loc="783" ncloc="597" classes="12" methods="29" coveredmethods="26" conditionals="0" coveredconditionals="0" statements="120" coveredstatements="116" elements="149" coveredelements="142"/>
  </project>
</coverage>
